2025-08-07 16:10:15 WARNING config.py:250 No configuration file could be found or read
2025-08-07 16:10:15 INFO server.py:234 GNS3 server version 3.0.5
2025-08-07 16:10:15 INFO server.py:236 Copyright (c) 2007-2025 GNS3 Technologies Inc.
2025-08-07 16:10:15 WARNING server.py:247 Compute authentication is enabled with username 'gns3' and a randomly generated password. Please set a password in the config file if this compute is to be used by an external controller
2025-08-07 16:10:15 INFO server.py:257 Running with Python 3.13.5 and has PID 56809
2025-08-07 16:10:15 INFO server.py:87 Current locale is de_DE.UTF-8
2025-08-07 16:10:15 INFO server.py:275 Using system certificate store for SSL connections
2025-08-07 16:10:16 INFO server.py:288 Starting server on 0.0.0.0:3080
2025-08-07 16:10:17 INFO server.py:83 Started server process [56809]
2025-08-07 16:10:17 INFO on.py:48 Waiting for application startup.
2025-08-07 16:10:17 INFO migration.py:207 Context impl SQLiteImpl.
2025-08-07 16:10:17 INFO migration.py:210 Will assume non-transactional DDL.
2025-08-07 16:10:17 INFO tasks.py:88 Current database revision is None
2025-08-07 16:10:17 INFO migration.py:207 Context impl SQLiteImpl.
2025-08-07 16:10:17 INFO migration.py:210 Will assume non-transactional DDL.
2025-08-07 16:10:17 INFO migration.py:618 Running stamp_revision  -> 9a5292aa4389
2025-08-07 16:10:17 INFO __init__.py:71 Loading controller vars file "/home/jative/.config/GNS3/3.0/gns3_controller.vars"
2025-08-07 16:10:17 INFO __init__.py:75 Controller is starting
2025-08-07 16:10:17 INFO __init__.py:355 Installing base configs in '/home/jative/GNS3/configs'
2025-08-07 16:10:17 INFO __init__.py:382 Installing custom symbols in '/home/jative/GNS3/symbols'
2025-08-07 16:10:17 INFO __init__.py:369 Installing built-in disks in '/home/jative/GNS3/images/QEMU'
2025-08-07 16:10:17 INFO __init__.py:267 iourc file '/home/jative/.config/GNS3/3.0/iou_license' loaded
2025-08-07 16:10:17 INFO __init__.py:273 IOU license check is disabled on the controller
2025-08-07 16:10:17 INFO __init__.py:278 Comparing controller version 3.0.5 with config version 3.0.5
2025-08-07 16:10:17 INFO __init__.py:286 Built-in appliances are installed in '/home/jative/.local/share/GNS3/appliances'
2025-08-07 16:10:18 INFO compute.py:74 Create compute local
2025-08-07 16:10:18 INFO on.py:62 Application startup complete.
2025-08-07 16:10:18 INFO server.py:215 Uvicorn running on http://0.0.0.0:3080 (Press CTRL+C to quit)
2025-08-07 16:10:18 ERROR authentication.py:58 A JWT secret key must be configured to secure the server, using an unsecured default key!
2025-08-07 16:10:18 ERROR authentication.py:76 A JWT secret key must be configured to secure the server, using an unsecured default key!
2025-08-07 16:10:18 ERROR authentication.py:76 A JWT secret key must be configured to secure the server, using an unsecured default key!
2025-08-07 16:10:18 ERROR authentication.py:76 A JWT secret key must be configured to secure the server, using an unsecured default key!
2025-08-07 16:10:18 ERROR authentication.py:76 A JWT secret key must be configured to secure the server, using an unsecured default key!
2025-08-07 16:10:19 INFO compute.py:375 Connecting to compute 'local'
2025-08-07 16:10:19 INFO websockets_impl.py:273 127.0.0.1:46650 - "WebSocket /v3/compute/notifications/ws" [accepted]
2025-08-07 16:10:19 INFO notifications.py:43 New client 127.0.0.1:46650 has connected to compute WebSocket
2025-08-07 16:10:19 INFO server.py:643 connection open
2025-08-07 16:10:19 INFO compute.py:447 Connected to compute 'local' WebSocket 'http://127.0.0.1:3080/v3/compute/notifications/ws'
2025-08-07 16:10:23 INFO images.py:163 Discovering images in '/home/jative/GNS3/images/QEMU'
2025-08-07 16:10:23 INFO images.py:163 Discovering images in '/home/jative/GNS3/images/IOS'
2025-08-07 16:10:23 INFO images.py:163 Discovering images in '/home/jative/GNS3/images/IOU'
2025-08-07 16:10:23 INFO tasks.py:231 Monitoring for new images in '/home/jative/GNS3/images'
2025-08-07 16:10:23 ERROR authentication.py:76 A JWT secret key must be configured to secure the server, using an unsecured default key!
2025-08-07 16:10:23 ERROR authentication.py:76 A JWT secret key must be configured to secure the server, using an unsecured default key!
2025-08-07 16:10:23 INFO websockets_impl.py:273 127.0.0.1:55388 - "WebSocket /v3/notifications/ws?token=eyJ0eXAiOiJKV1QiLCJhbGciOiJIUzI1NiJ9.eyJzdWIiOiJhZG1pbiIsImV4cCI6MTc1NDY1MTQxOH0.APsuuFYNXqf4nZy2wCmZ5bNA6vDvXkozLteSZmA-sZQ" [accepted]
2025-08-07 16:10:23 ERROR authentication.py:76 A JWT secret key must be configured to secure the server, using an unsecured default key!
2025-08-07 16:10:23 INFO server.py:643 connection open
2025-08-07 16:10:23 INFO controller.py:214 New client 127.0.0.1:55388 has connected to controller WebSocket
2025-08-07 16:10:23 INFO websockets_impl.py:273 127.0.0.1:55402 - "WebSocket /v3/projects/22a2dafa-b2a1-4169-a188-fdf33ec03447/notifications/ws?token=eyJ0eXAiOiJKV1QiLCJhbGciOiJIUzI1NiJ9.eyJzdWIiOiJhZG1pbiIsImV4cCI6MTc1NDY1MTQxOH0.APsuuFYNXqf4nZy2wCmZ5bNA6vDvXkozLteSZmA-sZQ" [accepted]
2025-08-07 16:10:23 ERROR authentication.py:76 A JWT secret key must be configured to secure the server, using an unsecured default key!
2025-08-07 16:10:23 INFO server.py:643 connection open
2025-08-07 16:10:23 INFO projects.py:297 New client has connected to the notification stream for project ID '22a2dafa-b2a1-4169-a188-fdf33ec03447' (WebSocket method)
2025-08-07 16:10:23 ERROR authentication.py:76 A JWT secret key must be configured to secure the server, using an unsecured default key!
2025-08-07 16:10:23 ERROR authentication.py:76 A JWT secret key must be configured to secure the server, using an unsecured default key!
2025-08-07 16:10:23 ERROR authentication.py:76 A JWT secret key must be configured to secure the server, using an unsecured default key!
2025-08-07 17:30:38 ERROR authentication.py:76 A JWT secret key must be configured to secure the server, using an unsecured default key!
2025-08-07 17:30:38 ERROR authentication.py:76 A JWT secret key must be configured to secure the server, using an unsecured default key!
2025-08-07 17:30:46 ERROR authentication.py:76 A JWT secret key must be configured to secure the server, using an unsecured default key!
2025-08-07 17:30:50 ERROR authentication.py:76 A JWT secret key must be configured to secure the server, using an unsecured default key!
2025-08-07 17:30:57 ERROR authentication.py:76 A JWT secret key must be configured to secure the server, using an unsecured default key!
2025-08-07 17:30:57 ERROR authentication.py:76 A JWT secret key must be configured to secure the server, using an unsecured default key!
2025-08-07 20:17:14 INFO server.py:264 connection closed
2025-08-07 20:17:14 INFO server.py:264 connection closed
2025-08-07 20:17:17 INFO projects.py:304 Client has disconnected from notification stream for project ID '22a2dafa-b2a1-4169-a188-fdf33ec03447' (WebSocket method)
2025-08-07 20:17:17 INFO controller.py:221 Client 127.0.0.1:55388 has disconnected from controller WebSocket
2025-08-07 20:17:22 INFO projects.py:313 Project '22a2dafa-b2a1-4169-a188-fdf33ec03447' is automatically closing due to no client listening
2025-08-07 20:17:25 INFO server.py:263 Shutting down
2025-08-07 20:17:25 INFO compute.py:479 Connection closed to compute 'local' WebSocket 'http://127.0.0.1:3080/v3/compute/notifications/ws'
2025-08-07 20:17:25 INFO server.py:264 connection closed
2025-08-07 20:17:25 INFO server.py:305 Waiting for background tasks to complete. (CTRL+C to force quit)
2025-08-07 20:17:25 INFO tasks.py:238 Stopping monitoring for new images in '/home/jative/GNS3/images'
2025-08-07 20:17:27 INFO notifications.py:50 Client 127.0.0.1:46650 has disconnected from compute WebSocket
2025-08-07 20:17:27 INFO on.py:67 Waiting for application shutdown.
2025-08-07 20:17:27 INFO __init__.py:181 Controller is stopping
2025-08-07 20:17:27 INFO __init__.py:231 iourc file '/home/jative/.config/GNS3/3.0/iou_license' saved
2025-08-07 20:17:27 INFO tasks.py:106 Disconnected from database
2025-08-07 20:17:27 INFO on.py:76 Application shutdown complete.
2025-08-07 20:17:27 INFO server.py:93 Finished server process [56809]
2025-08-07 20:17:27 INFO server.py:329 Remove PID file /home/jative/.config/GNS3/3.0/gns3_server.pid
